> Task :compileJava UP-TO-DATE
> Task :processResources NO-SOURCE
> Task :classes UP-TO-DATE
> Task :compileTestJava
> Task :processTestResources NO-SOURCE
> Task :testClasses

> Task :test FAILED

sort.SortsTest > test00Insertion PASSED

sort.SortsTest > test01Insertion PASSED

sort.SortsTest > test02Insertion PASSED

sort.SortsTest > test03Insertion FAILED
    java.lang.AssertionError at SortsTest.java:247

sort.SortsTest > test04Insertion FAILED
    java.lang.AssertionError at SortsTest.java:247

sort.SortsTest > test10Merge PASSED

sort.SortsTest > test11Merge PASSED

sort.SortsTest > test12Mergesort PASSED

sort.SortsTest > test13Mergesort PASSED

sort.SortsTest > test14Mergesort PASSED

sort.SortsTest > test20Partition PASSED

sort.SortsTest > test21Partition PASSED

sort.SortsTest > test22Partition PASSED

sort.SortsTest > test23Quicksort PASSED

sort.SortsTest > test24Quicksort PASSED

sort.SortsTest > test30Radix PASSED

sort.SortsTest > test31Radix PASSED

sort.SortsTest > test32Radix PASSED

sort.SortsTest > test33Radix PASSED

sort.SortsTest > test34Radix PASSED
Results: FAILURE (20 tests, 18 successes, 2 failures, 0 skipped)

20 tests completed, 2 failed

FAILURE: Build failed with an exception.

* What went wrong:
Execution failed for task ':test'.
> There were failing tests. See the report at: file:///home/majeskn/Teaching/CSCI241Winter2019/Grading/Scripts/Assignment-1-repos/assignment-1-TheEric960/build/reports/tests/test/index.html

* Try:
Run with --stacktrace option to get the stack trace. Run with --info or --debug option to get more log output. Run with --scan to get full insights.

* Get more help at https://help.gradle.org

BUILD FAILED in 0s
3 actionable tasks: 2 executed, 1 up-to-date
